<?xml version="1.0" encoding="UTF-8"?>
<!-- Generated by org.testng.reporters.JUnitXMLReporter -->
<testsuite ignored="0" hostname="idc212" failures="0" tests="3" name="Default test" time="14.77" errors="0" timestamp="2024-12-12T15:22:06 IST">
  <testcase classname="com.TestNG.ChromeTest" name="testTitle" time="0.015"/>
  <testcase classname="com.TestNG.ChromeTest" name="RegisterUser" time="4.026"/>
  <testcase classname="com.TestNG.ChromeTest" name="VerifyText" time="0.065"/>
</testsuite> <!-- Default test -->
