<?xml version="1.0" encoding="UTF-8"?>
<!-- Generated by org.testng.reporters.JUnitXMLReporter -->
<testsuite ignored="0" hostname="idc212" failures="0" tests="6" name="Test" time="29.173" errors="0" timestamp="2024-12-10T16:03:10 IST">
  <testcase classname="com.TestNG.FirefoxTest" name="testTitle" time="0.017"/>
  <testcase classname="com.TestNG.ChromeTest" name="testTitle" time="0.086"/>
  <testcase classname="com.TestNG.ChromeTest" name="RegisterUser" time="3.17"/>
  <testcase classname="com.TestNG.ChromeTest" name="VerifyText" time="0.057"/>
  <testcase classname="com.TestNG.FirefoxTest" name="RegisterUser" time="4.602"/>
  <testcase classname="com.TestNG.FirefoxTest" name="VerifyText" time="0.04"/>
</testsuite> <!-- Test -->
