<?xml version="1.0" encoding="UTF-8"?>
<testng-results ignored="0" total="3" passed="3" failed="0" skipped="0">
  <reporter-output>
  </reporter-output>
  <suite started-at="2024-12-12T15:21:51 IST" name="Default suite" finished-at="2024-12-12T15:22:06 IST" duration-ms="14770">
    <groups>
    </groups>
    <test started-at="2024-12-12T15:21:51 IST" name="Default test" finished-at="2024-12-12T15:22:06 IST" duration-ms="14770">
      <class name="com.TestNG.ChromeTest">
        <test-method is-config="true" signature="setUp()[pri:0, instance:com.TestNG.ChromeTest@742ff096]" started-at="2024-12-12T15:21:51 IST" name="setUp" finished-at="2024-12-12T15:22:02 IST" duration-ms="10320" status="PASS">
          <reporter-output>
          </reporter-output>
        </test-method> <!-- setUp -->
        <test-method signature="testTitle()[pri:1, instance:com.TestNG.ChromeTest@742ff096]" started-at="2024-12-12T15:22:02 IST" name="testTitle" finished-at="2024-12-12T15:22:02 IST" duration-ms="15" status="PASS">
          <reporter-output>
          </reporter-output>
        </test-method> <!-- testTitle -->
        <test-method signature="RegisterUser()[pri:2, instance:com.TestNG.ChromeTest@742ff096]" started-at="2024-12-12T15:22:02 IST" name="RegisterUser" finished-at="2024-12-12T15:22:06 IST" duration-ms="4026" status="PASS">
          <reporter-output>
          </reporter-output>
        </test-method> <!-- RegisterUser -->
        <test-method signature="VerifyText()[pri:3, instance:com.TestNG.ChromeTest@742ff096]" started-at="2024-12-12T15:22:06 IST" name="VerifyText" finished-at="2024-12-12T15:22:06 IST" duration-ms="65" status="PASS">
          <reporter-output>
          </reporter-output>
        </test-method> <!-- VerifyText -->
        <test-method is-config="true" signature="tearDown()[pri:0, instance:com.TestNG.ChromeTest@742ff096]" started-at="2024-12-12T15:22:06 IST" name="tearDown" finished-at="2024-12-12T15:22:06 IST" duration-ms="272" status="PASS">
          <reporter-output>
          </reporter-output>
        </test-method> <!-- tearDown -->
      </class> <!-- com.TestNG.ChromeTest -->
    </test> <!-- Default test -->
  </suite> <!-- Default suite -->
</testng-results>
